[5/12/2022 2:47 PM]  (INFO) -> Successful account creation:  ["ajay"] []
[5/12/2022 3:51 PM]  (INFO) -> Successful account creation:  ["joseph"] []
[5/12/2022 3:52 PM]  (INFO) -> Successful account creation:  ["blah"] []
[5/12/2022 3:53 PM]  (INFO) -> Successful account creation:  ["sdfsdfsd"] []
[5/12/2022 3:54 PM]  (INFO) -> Successful account creation:  ["sfsdfsdfsdf"] []
[5/12/2022 4:12 PM]  (INFO) -> Successful account creation:  ["fghgf"] []
[5/12/2022 4:13 PM]  (INFO) -> Successful account login:  ["fghgf"] []
[5/12/2022 4:15 PM]  (INFO) -> Successful account login:  ["fghgf"] []
[5/12/2022 4:15 PM]  (INFO) -> Successful account creation:  ["asdasdasdasdasd"] []
[5/12/2022 4:17 PM]  (INFO) -> Successful account creation:  ["john"] []
[5/12/2022 4:17 PM]  (INFO) -> Successful account login:  ["john"] []
[5/12/2022 4:18 PM]  (INFO) -> Successful account login:  ["john"] []
[5/12/2022 4:19 PM]  (INFO) -> Successful account login:  ["john"] []
[5/12/2022 4:19 PM]  (INFO) -> Successful account login:  ["john"] []
[5/12/2022 4:20 PM]  (INFO) -> Successful account login:  ["john"] []
[5/12/2022 4:20 PM]  (INFO) -> Successful account login:  ["john"] []
[5/12/2022 4:24 PM]  (INFO) -> Successful account login:  ["john"] []
[5/12/2022 4:25 PM]  (INFO) -> Successful account login:  ["john"] []
[5/12/2022 4:26 PM]  (INFO) -> Successful account login:  ["john"] []
[5/12/2022 4:26 PM]  (INFO) -> Successful account login:  ["john"] []
[5/12/2022 4:33 PM]  (INFO) -> Successful account login:  ["john"] []
[5/12/2022 4:34 PM]  (INFO) -> Successful account login:  ["john"] []
[5/12/2022 4:37 PM]  (INFO) -> Successful account login:  ["john"] []
[5/12/2022 4:54 PM]  (INFO) -> Successful account login:  ["john"] []
[5/12/2022 4:54 PM]  (INFO) -> Successful account login:  ["john"] []
[5/12/2022 5:00 PM]  (INFO) -> Successful account creation:  ["johny"] []
[5/12/2022 5:00 PM]  (INFO) -> Unsuccessful account login:  ["john"] []
[5/12/2022 5:01 PM]  (INFO) -> Unsuccessful account login:  ["john"] []
[5/12/2022 5:02 PM]  (INFO) -> Unsuccessful account login:  ["john"] []
[5/12/2022 5:05 PM]  (INFO) -> Unsuccessful account login:  ["john"] []
[5/12/2022 5:06 PM]  (INFO) -> Unsuccessful account login:  ["john"] []
[5/12/2022 5:06 PM]  (INFO) -> Unsuccessful account login:  ["john"] []
[5/12/2022 5:07 PM]  (INFO) -> Unsuccessful account login:  ["john"] []
[5/12/2022 5:07 PM]  (INFO) -> Successful account login:  ["john"] []
[5/12/2022 5:07 PM]  (INFO) -> Unsuccessful account login:  ["john"] []
[5/12/2022 5:10 PM]  (INFO) -> Successful account creation:  ["johno"] []
[5/12/2022 5:11 PM]  (INFO) -> Successful account login:  ["johno"] []
[5/12/2022 5:11 PM]  (INFO) -> Unsuccessful account login:  ["johno"] []
[5/12/2022 5:12 PM]  (INFO) -> Unsuccessful account login:  ["johno"] []
[5/12/2022 5:13 PM]  (INFO) -> Unsuccessful account login:  ["johny"] []
[5/12/2022 5:16 PM]  (INFO) -> Successful account login:  ["john"] []
[5/12/2022 5:30 PM]  (INFO) -> Unsuccessful account login:  ["john"] []
[5/12/2022 5:33 PM]  (INFO) -> Unsuccessful account login:  ["john"] []
[5/12/2022 5:33 PM]  (INFO) -> Unsuccessful account login:  ["john"] []
[5/12/2022 5:34 PM]  (INFO) -> Successful account login:  ["john"] []
[5/12/2022 5:34 PM]  (INFO) -> Unsuccessful account login:  ["john"] []
[5/12/2022 5:35 PM]  (INFO) -> Unsuccessful account login:  ["john"] []
[5/12/2022 5:38 PM]  (INFO) -> Unsuccessful account login:  ["john"] []
[5/12/2022 5:39 PM]  (INFO) -> Unsuccessful account login:  ["john"] []
[5/12/2022 5:42 PM]  (INFO) -> Unsuccessful account login:  ["john"] []
[5/12/2022 5:42 PM]  (INFO) -> Unsuccessful account login:  ["john"] []
[5/12/2022 5:43 PM]  (INFO) -> Unsuccessful account login:  ["john"] []
[5/12/2022 5:44 PM]  (INFO) -> Unsuccessful account login:  ["john"] []
[5/12/2022 5:49 PM]  (INFO) -> Unsuccessful account login:  ["john"] []
[5/12/2022 5:51 PM]  (INFO) -> Unsuccessful account login:  ["john"] []
[5/12/2022 5:52 PM]  (INFO) -> Unsuccessful account login:  ["john"] []
[5/12/2022 5:53 PM]  (INFO) -> Unsuccessful account login:  ["john"] []
[5/12/2022 5:53 PM]  (INFO) -> Successful account login:  ["john "] []
[5/12/2022 5:53 PM]  (INFO) -> Unsuccessful account login:  ["john"] []
[5/12/2022 5:54 PM]  (INFO) -> Successful account creation:  [] []
[5/12/2022 5:55 PM]  (INFO) -> Unsuccessful account login:  ["john"] []
[5/12/2022 5:55 PM]  (INFO) -> Successful account creation:  [] []
[5/12/2022 5:56 PM]  (INFO) -> Unsuccessful account login:  ["john"] []
[5/12/2022 5:56 PM]  (INFO) -> Unsuccessful account login:  ["john"] []
[5/12/2022 5:56 PM]  (INFO) -> Successful account creation:  [] []
[5/12/2022 5:57 PM]  (INFO) -> Unsuccessful account login:  ["john"] []
[5/12/2022 5:57 PM]  (INFO) -> Unsuccessful account login:  ["john"] []
[5/12/2022 5:58 PM]  (INFO) -> Unsuccessful account login:  ["john"] []
[5/12/2022 5:58 PM]  (INFO) -> Successful account creation:  [] []
[5/12/2022 5:59 PM]  (INFO) -> Unsuccessful account login:  ["john"] []
[5/12/2022 6:00 PM]  (INFO) -> Successful account login:  ["john"] []
[5/12/2022 6:03 PM]  (INFO) -> Unsuccessful account login:  ["john"] []
[5/12/2022 6:22 PM]  (INFO) -> Unsuccessful account login:  ["john"] []
[5/12/2022 10:07 PM]  (INFO) -> Unsuccessful account login:  ["finallyworks"] []
[5/12/2022 10:07 PM]  (INFO) -> Successful account creation:  ["ajay"] []
[5/12/2022 10:07 PM]  (INFO) -> Successful account login:  ["ajay"] []
[5/12/2022 10:08 PM]  (INFO) -> Successful account login:  ["john"] []
[5/12/2022 10:08 PM]  (INFO) -> Unsuccessful account login:  ["john"] []
[5/12/2022 10:11 PM]  (INFO) -> Successful account creation:  ["&lt;script&gt;alert(1)&lt;/script&gt;"] []
[5/12/2022 10:12 PM]  (INFO) -> Successful account login:  ["john"] []
[6/12/2022 7:05 PM]  (INFO) -> Successful account login:  ["john"] []
[7/12/2022 5:27 PM]  (INFO) -> Successful account login:  ["john"] []
[7/12/2022 5:27 PM]  (INFO) -> Successful account login:  ["john"] []
[11/12/2022 6:47 PM]  (INFO) -> Unsuccessful account login:  ["ajay"] []
[11/12/2022 6:47 PM]  (INFO) -> Successful account login:  ["john"] []
[11/12/2022 6:47 PM]  (INFO) -> Successful message insertion:  ["2022-12-04 10:50:44"] []
[11/12/2022 6:47 PM]  (INFO) -> Successful message insertion:  ["2022-12-07 18:39:00"] []
[11/12/2022 6:47 PM]  (INFO) -> Successful message insertion:  ["2022-12-07 18:40:01"] []
[11/12/2022 6:47 PM]  (INFO) -> Successful message insertion:  ["2022-12-09 14:51:56"] []
[11/12/2022 6:47 PM]  (INFO) -> Successful message insertion:  ["2022-12-09 14:52:27"] []
[11/12/2022 6:47 PM]  (INFO) -> Successful message insertion:  ["2022-12-09 15:12:26"] []
[11/12/2022 6:47 PM]  (INFO) -> Successful message insertion:  ["2022-12-11 14:18:41"] []
[11/12/2022 6:48 PM]  (INFO) -> Successful message insertion:  ["2022-12-04 10:50:44"] []
[11/12/2022 6:48 PM]  (INFO) -> Successful message insertion:  ["2022-12-07 18:39:00"] []
[11/12/2022 6:48 PM]  (INFO) -> Successful message insertion:  ["2022-12-07 18:40:01"] []
[11/12/2022 6:48 PM]  (INFO) -> Successful message insertion:  ["2022-12-09 14:51:56"] []
[11/12/2022 6:48 PM]  (INFO) -> Successful message insertion:  ["2022-12-09 14:52:27"] []
[11/12/2022 6:48 PM]  (INFO) -> Successful message insertion:  ["2022-12-09 15:12:26"] []
[11/12/2022 6:55 PM]  (INFO) -> Successful message insertion:  ["2022-12-09 15:12:26"] []
[11/12/2022 7:05 PM]  (INFO) -> Successful message insertion:  ["2022-12-09 15:12:26"] []
[11/12/2022 7:05 PM]  (INFO) -> Successful message insertion:  ["2022-12-11 14:18:41"] []
[11/12/2022 7:14 PM]  (INFO) -> Successful account login:  ["john"] []
[11/12/2022 7:17 PM]  (INFO) -> Successful account login:  ["john"] []
[11/12/2022 7:19 PM]  (INFO) -> Successful account creation:  ["johny"] []
[11/12/2022 7:32 PM]  (INFO) -> Successful account login:  ["johny"] []
[11/12/2022 7:35 PM]  (INFO) -> Successful account login:  ["johny"] []
[11/12/2022 7:40 PM]  (INFO) -> Successful account login:  ["johny"] []
[11/12/2022 7:42 PM]  (INFO) -> Successful account login:  ["johny"] []
[11/12/2022 8:00 PM]  (INFO) -> Successful account login:  ["johny"] []
[11/12/2022 8:02 PM]  (INFO) -> Successful account login:  ["johny"] []
[11/12/2022 8:04 PM]  (INFO) -> Successful account login:  ["johny"] []
[11/12/2022 8:06 PM]  (INFO) -> Successful account login:  ["johny"] []
[11/12/2022 8:07 PM]  (INFO) -> Successful account login:  ["johny"] []
[11/12/2022 8:08 PM]  (INFO) -> Successful account login:  ["johny"] []
[11/12/2022 8:09 PM]  (INFO) -> Successful account login:  ["johny"] []
[11/12/2022 8:20 PM]  (INFO) -> Successful account login:  ["johny"] []
[11/12/2022 8:23 PM]  (INFO) -> Successful account login:  ["johny"] []
[11/12/2022 8:26 PM]  (INFO) -> Successful account login:  ["johny"] []
[11/12/2022 8:26 PM]  (INFO) -> Successful account login:  ["johny"] []
[11/12/2022 8:26 PM]  (INFO) -> Successful account login:  ["johny"] []
[11/12/2022 8:27 PM]  (INFO) -> Successful account login:  ["johny"] []
[11/12/2022 8:35 PM]  (INFO) -> Successful account login:  ["johny"] []
[11/12/2022 8:36 PM]  (INFO) -> Successful account login:  ["johny"] []
[11/12/2022 8:36 PM]  (INFO) -> Successful account login:  ["johny"] []
[11/12/2022 8:37 PM]  (INFO) -> Successful account login:  ["johny"] []
[11/12/2022 8:37 PM]  (INFO) -> Successful account login:  ["johny"] []
[11/12/2022 8:38 PM]  (INFO) -> Successful account login:  ["johny"] []
[11/12/2022 8:38 PM]  (INFO) -> Successful account login:  ["johny"] []
[11/12/2022 8:38 PM]  (INFO) -> Successful account login:  ["johny"] []
[11/12/2022 8:41 PM]  (INFO) -> Successful account login:  ["johny"] []
[11/12/2022 8:43 PM]  (INFO) -> Successful account login:  ["johny"] []
[11/12/2022 8:43 PM]  (INFO) -> Successful account login:  ["johny"] []
[11/12/2022 8:43 PM]  (INFO) -> Successful account login:  ["johny"] []
[11/12/2022 8:43 PM]  (INFO) -> Successful account login:  ["johny"] []
[11/12/2022 8:46 PM]  (INFO) -> Successful account login:  ["johny"] []
[11/12/2022 8:48 PM]  (INFO) -> Successful account login:  ["johny"] []
[11/12/2022 8:48 PM]  (INFO) -> Successful account login:  ["johny"] []
[11/12/2022 8:49 PM]  (INFO) -> Successful account login:  ["johny"] []
[11/12/2022 8:49 PM]  (INFO) -> Successful account login:  ["johny"] []
[11/12/2022 8:49 PM]  (INFO) -> Successful account login:  ["johny"] []
[11/12/2022 8:49 PM]  (INFO) -> Successful account login:  ["johny"] []
[11/12/2022 8:50 PM]  (INFO) -> Successful account login:  ["johny"] []
[11/12/2022 8:50 PM]  (INFO) -> Successful account login:  ["johny"] []
[11/12/2022 8:50 PM]  (INFO) -> Successful account login:  ["johny"] []
[11/12/2022 8:52 PM]  (INFO) -> Successful account login:  ["johny"] []
[11/12/2022 8:54 PM]  (INFO) -> Successful account login:  ["johny"] []
[11/12/2022 8:54 PM]  (INFO) -> Successful account login:  ["johny"] []
[11/12/2022 8:55 PM]  (INFO) -> Successful account login:  ["johny"] []
[11/12/2022 8:55 PM]  (INFO) -> Successful account login:  ["johny"] []
[11/12/2022 8:56 PM]  (INFO) -> Successful account login:  ["johny"] []
[11/12/2022 8:56 PM]  (INFO) -> Successful account login:  ["johny"] []
[11/12/2022 8:56 PM]  (INFO) -> Successful account login:  ["johny"] []
[11/12/2022 8:56 PM]  (INFO) -> Successful account login:  ["johny"] []
[11/12/2022 8:56 PM]  (INFO) -> Successful account login:  ["johny"] []
[11/12/2022 8:57 PM]  (INFO) -> Successful account login:  ["johny"] []
[11/12/2022 8:57 PM]  (INFO) -> Successful account login:  ["johny"] []
[11/12/2022 8:57 PM]  (INFO) -> Successful account login:  ["johny"] []
[11/12/2022 8:58 PM]  (INFO) -> Successful account login:  ["johny"] []
[11/12/2022 8:58 PM]  (INFO) -> Successful account login:  ["johny"] []
[11/12/2022 8:58 PM]  (INFO) -> Successful account login:  ["johny"] []
[11/12/2022 8:59 PM]  (INFO) -> Successful account login:  ["johny"] []
[11/12/2022 9:01 PM]  (INFO) -> Successful account login:  ["johny"] []
[11/12/2022 9:03 PM]  (INFO) -> Successful account login:  ["johny"] []
[11/12/2022 9:03 PM]  (INFO) -> Successful account login:  ["johny"] []
[11/12/2022 9:04 PM]  (INFO) -> Successful account login:  ["johny"] []
[11/12/2022 9:05 PM]  (INFO) -> Successful account login:  ["johny"] []
[11/12/2022 9:05 PM]  (INFO) -> Successful account login:  ["johny"] []
[11/12/2022 9:07 PM]  (INFO) -> Successful account login:  ["johny"] []
[11/12/2022 9:08 PM]  (INFO) -> Successful account login:  ["johny"] []
[11/12/2022 9:09 PM]  (INFO) -> Successful account login:  ["johny"] []
[11/12/2022 9:09 PM]  (INFO) -> Successful account login:  ["johny"] []
[11/12/2022 9:09 PM]  (INFO) -> Successful account login:  ["johny"] []
[11/12/2022 9:12 PM]  (INFO) -> Successful account login:  ["johny"] []
[11/12/2022 9:12 PM]  (INFO) -> Successful account login:  ["johny"] []
[11/12/2022 9:16 PM]  (INFO) -> Successful account login:  ["johny"] []
[11/12/2022 9:17 PM]  (INFO) -> Successful account login:  ["johny"] []
[11/12/2022 9:18 PM]  (INFO) -> Successful account login:  ["johny"] []
[11/12/2022 9:19 PM]  (INFO) -> Successful account login:  ["johny"] []
[11/12/2022 9:22 PM]  (INFO) -> Successful account login:  ["johny"] []
[11/12/2022 9:27 PM]  (INFO) -> Successful message insertion:  ["2022-12-09 15:12:26"] []
[11/12/2022 9:27 PM]  (INFO) -> Successful message insertion:  ["2022-12-11 14:18:41"] []
[11/12/2022 9:27 PM]  (INFO) -> Successful account login:  ["johny"] []
[11/12/2022 10:12 PM]  (INFO) -> Successful account login:  ["johny"] []
[11/12/2022 10:12 PM]  (INFO) -> Successful account login:  ["johny"] []
[11/12/2022 10:23 PM]  (INFO) -> Successful account login:  ["johny"] []
[11/12/2022 10:26 PM]  (INFO) -> Successful account login:  ["johny"] []
[11/12/2022 10:34 PM]  (INFO) -> Successful account login:  ["johny"] []
[11/12/2022 10:35 PM]  (INFO) -> Successful account login:  ["johny"] []
[11/12/2022 10:36 PM]  (INFO) -> Successful account login:  ["johny"] []
[11/12/2022 10:36 PM]  (INFO) -> Successful account login:  ["johny"] []
[11/12/2022 10:42 PM]  (INFO) -> Successful account login:  ["johny"] []
[11/12/2022 10:45 PM]  (INFO) -> Successful account login:  ["johny"] []
[11/12/2022 10:46 PM]  (INFO) -> Successful account login:  ["johny"] []
[11/12/2022 10:47 PM]  (INFO) -> Successful account login:  ["johny"] []
[11/12/2022 10:54 PM]  (INFO) -> Successful account login:  ["johny"] []
[11/12/2022 10:54 PM]  (INFO) -> Successful account login:  ["johny"] []
[11/12/2022 10:57 PM]  (INFO) -> Successful account login:  ["johny"] []
[11/12/2022 10:58 PM]  (INFO) -> Successful account login:  ["johny"] []
[11/12/2022 11:01 PM]  (INFO) -> Successful account login:  ["johny"] []
[11/12/2022 11:01 PM]  (INFO) -> Successful account login:  ["johny"] []
[11/12/2022 11:02 PM]  (INFO) -> Successful account login:  ["johny"] []
[11/12/2022 11:05 PM]  (INFO) -> Successful account login:  ["johny"] []
[11/12/2022 11:06 PM]  (INFO) -> Successful account login:  ["johny"] []
[11/12/2022 11:06 PM]  (INFO) -> Successful account login:  ["johny"] []
[11/12/2022 11:07 PM]  (INFO) -> Successful account login:  ["johny"] []
[11/12/2022 11:07 PM]  (INFO) -> Successful account login:  ["johny"] []
[11/12/2022 11:11 PM]  (INFO) -> Unsuccessful account login:  ["ajay"] []
[11/12/2022 11:12 PM]  (INFO) -> Successful account creation:  ["boyboy"] []
[11/12/2022 11:13 PM]  (INFO) -> Successful account login:  ["johny"] []
[11/12/2022 11:15 PM]  (INFO) -> Successful account login:  ["boyboy"] []
[12/12/2022 12:06 PM]  (INFO) -> Successful account creation:  ["elliot"] []
[12/12/2022 12:08 PM]  (INFO) -> Successful account login:  ["elliot"] []
[12/12/2022 12:10 PM]  (INFO) -> Successful account login:  ["elliot"] []
[12/12/2022 12:24 PM]  (INFO) -> Successful account login:  ["elliot"] []
[12/12/2022 12:26 PM]  (INFO) -> Successful account login:  ["elliot"] []
[12/12/2022 12:27 PM]  (INFO) -> Successful account login:  ["elliot"] []
[12/12/2022 12:41 PM]  (INFO) -> Successful account login:  ["elliot"] []
[12/12/2022 12:42 PM]  (INFO) -> Successful account login:  ["elliot"] []
[12/12/2022 12:42 PM]  (INFO) -> Successful account login:  ["elliot"] []
[12/12/2022 12:43 PM]  (INFO) -> Successful account login:  ["boyboy"] []
[12/12/2022 12:47 PM]  (INFO) -> Successful account login:  ["elliot"] []
[12/12/2022 12:48 PM]  (INFO) -> Successful account login:  ["elliot"] []
[12/12/2022 12:49 PM]  (INFO) -> Successful account login:  ["elliot"] []
[12/12/2022 12:49 PM]  (INFO) -> Successful account login:  ["elliot"] []
[12/12/2022 12:50 PM]  (INFO) -> Successful account login:  ["elliot"] []
[12/12/2022 12:51 PM]  (INFO) -> Successful account login:  ["elliot"] []
[12/12/2022 12:51 PM]  (INFO) -> Successful account login:  ["elliot"] []
[12/12/2022 12:56 PM]  (INFO) -> Successful account login:  ["elliot"] []
[12/12/2022 1:30 PM]  (INFO) -> Successful account login:  ["elliot"] []
[12/12/2022 1:34 PM]  (INFO) -> Successful account login:  ["elliot"] []
[12/12/2022 1:34 PM]  (INFO) -> Successful account login:  ["elliot"] []
[12/12/2022 1:41 PM]  (INFO) -> Successful account login:  ["elliot"] []
[12/12/2022 1:41 PM]  (INFO) -> Successful account creation:  [] []
[12/12/2022 1:46 PM]  (INFO) -> Successful account login:  ["elliot"] []
[12/12/2022 2:05 PM]  (INFO) -> Unsuccessful account login:  ["ajay"] []
[12/12/2022 2:17 PM]  (INFO) -> Unsuccessful account login:  ["ajay"] []
[12/12/2022 2:18 PM]  (INFO) -> Unsuccessful account login:  ["ajay"] []
[12/12/2022 2:18 PM]  (INFO) -> Successful account login:  ["johny"] []
[12/12/2022 2:18 PM]  (INFO) -> Successful account creation:  [] []
[12/12/2022 2:18 PM]  (INFO) -> Successful account creation:  [] []
[12/12/2022 2:21 PM]  (INFO) -> Successful account creation:  [] []
[12/12/2022 2:22 PM]  (INFO) -> Successful account creation:  [] []
[12/12/2022 2:22 PM]  (INFO) -> Successful account creation:  [] []
[12/12/2022 2:22 PM]  (INFO) -> Successful account login:  ["johny"] []
[12/12/2022 2:22 PM]  (INFO) -> Successful account login:  ["johny"] []
[12/12/2022 2:23 PM]  (INFO) -> Successful account creation:  [] []
[12/12/2022 2:24 PM]  (INFO) -> Successful account login:  ["johny"] []
[12/12/2022 2:32 PM]  (INFO) -> Successful account creation:  [] []
[12/12/2022 2:37 PM]  (INFO) -> Successful account login:  ["johny"] []
[12/12/2022 2:41 PM]  (INFO) -> Successful account login:  ["johny"] []
[12/12/2022 2:41 PM]  (INFO) -> Successful account creation:  [] []
[12/12/2022 2:43 PM]  (INFO) -> Successful account login:  ["johny"] []
[12/12/2022 2:44 PM]  (INFO) -> Successful account login:  ["johny"] []
[12/12/2022 2:44 PM]  (INFO) -> Successful account login:  ["johny"] []
[12/12/2022 2:46 PM]  (INFO) -> Successful account login:  ["johny"] []
[12/12/2022 2:48 PM]  (INFO) -> Successful account login:  ["johny"] []
[12/12/2022 2:49 PM]  (INFO) -> Unsuccessful account login:  ["johny"] []
[12/12/2022 2:50 PM]  (INFO) -> Unsuccessful account login:  ["johny"] []
[12/12/2022 2:50 PM]  (INFO) -> Unsuccessful account login:  ["johny"] []
[12/12/2022 2:50 PM]  (INFO) -> Successful account login:  ["johny"] []
[12/12/2022 2:51 PM]  (INFO) -> Unsuccessful account login:  ["johny"] []
[12/12/2022 2:51 PM]  (INFO) -> Successful account login:  ["johny"] []
[12/12/2022 2:53 PM]  (INFO) -> Unsuccessful account login:  ["johny"] []
[12/12/2022 2:53 PM]  (INFO) -> Successful account login:  ["johny"] []
[12/12/2022 2:56 PM]  (INFO) -> Unsuccessful account login:  ["johny"] []
[12/12/2022 2:56 PM]  (INFO) -> Successful account login:  ["johny"] []
[12/12/2022 2:58 PM]  (INFO) -> Unsuccessful account login:  ["johny"] []
[12/12/2022 2:58 PM]  (INFO) -> Unsuccessful account login:  ["johny"] []
[12/12/2022 2:59 PM]  (INFO) -> Successful account login:  ["johny"] []
[12/12/2022 2:59 PM]  (INFO) -> Unsuccessful account login:  ["johny"] []
[12/12/2022 2:59 PM]  (INFO) -> Successful account login:  ["johny"] []
[12/12/2022 3:40 PM]  (INFO) -> Unsuccessful account login:  ["johny"] []
[12/12/2022 3:42 PM]  (INFO) -> Unsuccessful account login:  ["johny"] []
[12/12/2022 3:42 PM]  (INFO) -> Unsuccessful account login:  ["ajay"] []
[12/12/2022 3:42 PM]  (INFO) -> Successful account creation:  ["hello"] []
[12/12/2022 3:43 PM]  (INFO) -> Unsuccessful account login:  ["ajay"] []
[13/12/2022 6:05 PM]  (INFO) -> Successful account creation:  ["mistake"] []
[13/12/2022 6:06 PM]  (INFO) -> Successful account login:  ["mistake"] []
